<?xml version="1.0" encoding="UTF-8"?><testsuite errors="1" failures="0" name="Actualizacion notas de credito" skipped="0" tests="1" time="113.78" timestamp="2023-02-27 12:29:46"><testcase name="Portal HSBC MX"><error message="Element &lt;a id=&quot;pp_tools_button_2&quot; class=&quot;A-BTNSS-RW-ALL&quot; href=&quot;/creditos/transferencia-de-deudas/&quot;&gt; could not be scrolled into view&#10;Build info: version: '3.141.59', revision: 'e82be7d358', time: '2018-11-14T08:17:03'&#10;System info: host: 'DESKTOP-0G9B61V', ip: '192.168.20.140', os.name: 'Windows 10', os.arch: 'amd64', os.version: '10.0', java.version: '11.0.15.1'&#10;Driver info: org.openqa.selenium.remote.RemoteWebDriver&#10;Capabilities {acceptInsecureCerts: true, browserName: firefox, browserVersion: 110.0, javascriptEnabled: true, moz:accessibilityChecks: false, moz:buildID: 20230214051806, moz:firefoxOptions: {args: [--incognito], prefs: {}}, moz:geckodriverVersion: 0.32.2, moz:headless: false, moz:platformVersion: 10.0, moz:processID: 15676, moz:profile: C:\Users\Familia\AppData\Lo..., moz:shutdownTimeout: 60000, moz:useNonSpecCompliantPointerOrigin: false, moz:webdriverClick: true, moz:windowless: false, pageLoadStrategy: normal, platform: WIN10, platformName: WIN10, proxy: Proxy(), se:bidi: ws://192.168.20.140:4444/se..., se:cdp: ws://192.168.20.140:4444/se..., setWindowRect: true, strictFileInteractability: false, timeouts: {implicit: 0, pageLoad: 300000, script: 30000}, unhandledPromptBehavior: dismiss and notify}&#10;Session ID: c1585086-1a57-4721-b396-71b1353b8969&#10;Build info: version: '3.141.59', revision: 'e82be7d358', time: '2018-11-14T08:17:03'&#10;System info: host: 'DESKTOP-0G9B61V', ip: '192.168.20.140', os.name: 'Windows 10', os.arch: 'amd64', os.version: '10.0', java.version: '11.0.15.1'&#10;Driver info: driver.version: unknown" type="org.openqa.selenium.ElementNotInteractableException">Element &lt;a id="pp_tools_button_2" class="A-BTNSS-RW-ALL" href="/creditos/transferencia-de-deudas/"&gt; could not be scrolled into view
Build info: version: '3.141.59', revision: 'e82be7d358', time: '2018-11-14T08:17:03'
System info: host: 'DESKTOP-0G9B61V', ip: '192.168.20.140', os.name: 'Windows 10', os.arch: 'amd64', os.version: '10.0', java.version: '11.0.15.1'
Driver info: org.openqa.selenium.remote.RemoteWebDriver
Capabilities {acceptInsecureCerts: true, browserName: firefox, browserVersion: 110.0, javascriptEnabled: true, moz:accessibilityChecks: false, moz:buildID: 20230214051806, moz:firefoxOptions: {args: [--incognito], prefs: {}}, moz:geckodriverVersion: 0.32.2, moz:headless: false, moz:platformVersion: 10.0, moz:processID: 15676, moz:profile: C:\Users\Familia\AppData\Lo..., moz:shutdownTimeout: 60000, moz:useNonSpecCompliantPointerOrigin: false, moz:webdriverClick: true, moz:windowless: false, pageLoadStrategy: normal, platform: WIN10, platformName: WIN10, proxy: Proxy(), se:bidi: ws://192.168.20.140:4444/se..., se:cdp: ws://192.168.20.140:4444/se..., setWindowRect: true, strictFileInteractability: false, timeouts: {implicit: 0, pageLoad: 300000, script: 30000}, unhandledPromptBehavior: dismiss and notify}
Session ID: c1585086-1a57-4721-b396-71b1353b8969
Build info: version: '3.141.59', revision: 'e82be7d358', time: '2018-11-14T08:17:03'
System info: host: 'DESKTOP-0G9B61V', ip: '192.168.20.140', os.name: 'Windows 10', os.arch: 'amd64', os.version: '10.0', java.version: '11.0.15.1'
Driver info: driver.version: unknown</error><system-err>Element &lt;a id="pp_tools_button_2" class="A-BTNSS-RW-ALL" href="/creditos/transferencia-de-deudas/"&gt; could not be scrolled into view
Build info: version: '3.141.59', revision: 'e82be7d358', time: '2018-11-14T08:17:03'
System info: host: 'DESKTOP-0G9B61V', ip: '192.168.20.140', os.name: 'Windows 10', os.arch: 'amd64', os.version: '10.0', java.version: '11.0.15.1'
Driver info: org.openqa.selenium.remote.RemoteWebDriver
Capabilities {acceptInsecureCerts: true, browserName: firefox, browserVersion: 110.0, javascriptEnabled: true, moz:accessibilityChecks: false, moz:buildID: 20230214051806, moz:firefoxOptions: {args: [--incognito], prefs: {}}, moz:geckodriverVersion: 0.32.2, moz:headless: false, moz:platformVersion: 10.0, moz:processID: 15676, moz:profile: C:\Users\Familia\AppData\Lo..., moz:shutdownTimeout: 60000, moz:useNonSpecCompliantPointerOrigin: false, moz:webdriverClick: true, moz:windowless: false, pageLoadStrategy: normal, platform: WIN10, platformName: WIN10, proxy: Proxy(), se:bidi: ws://192.168.20.140:4444/se..., se:cdp: ws://192.168.20.140:4444/se..., setWindowRect: true, strictFileInteractability: false, timeouts: {implicit: 0, pageLoad: 300000, script: 30000}, unhandledPromptBehavior: dismiss and notify}
Session ID: c1585086-1a57-4721-b396-71b1353b8969
Build info: version: '3.141.59', revision: 'e82be7d358', time: '2018-11-14T08:17:03'
System info: host: 'DESKTOP-0G9B61V', ip: '192.168.20.140', os.name: 'Windows 10', os.arch: 'amd64', os.version: '10.0', java.version: '11.0.15.1'
Driver info: driver.version: unknown&#13;
CommonMethods.CommonMethods.clickElement(CommonMethods.java:91)&#13;
HsbcMXPage.HSBCMXPageCreditoNomina.TransfiereTusDeudas.transfiereTusDudasNomina(TransfiereTusDeudas.java:15)&#13;
HSBCMXSteps.darClickEnTransfiereTusDeudas(HSBCMXSteps.java:67)&#13;
✽.Dar Click en Transfiere tus Deudas(classpath:features/hsbcCredito.feature:32)&#13;
</system-err></testcase></testsuite>